#
# A fatal error has been detected by the Java Runtime Environment:
#
#  SIGSEGV (0xb) at pc=0x00007fff90530f49, pid=29321, tid=0x0000000000001703
#
# JRE version: Java(TM) SE Runtime Environment (8.0_121-b13) (build 1.8.0_121-b13)
# Java VM: Java HotSpot(TM) 64-Bit Server VM (25.121-b13 mixed mode bsd-amd64 compressed oops)
# Problematic frame:
# C  [libsystem_platform.dylib+0x4f49]  _platform_memmove$VARIANT$Haswell+0x29
#
# Failed to write core dump. Core dumps have been disabled. To enable core dumping, try "ulimit -c unlimited" before starting Java again
#
# If you would like to submit a bug report, please visit:
#   http://bugreport.java.com/bugreport/crash.jsp
# The crash happened outside the Java Virtual Machine in native code.
# See problematic frame for where to report the bug.
#

---------------  T H R E A D  ---------------

Current thread (0x00007fc0d4009000):  JavaThread "main" [_thread_in_native, id=5891, stack(0x000070000011a000,0x000070000021a000)]

siginfo: si_signo: 11 (SIGSEGV), si_code: 1 (SEGV_MAPERR), si_addr: 0x000000011b0c8000

Registers:
RAX=0x00007fc0d7ba4a00, RBX=0x000000011b0c7262, RCX=0x0000000000008bd1, RDX=0x0000000000009941
RSP=0x00007000002180a0, RBP=0x00007000002180a0, RSI=0x000000011b0c8000, RDI=0x00007fc0d7ba5770
R8 =0x0000000000000000, R9 =0x000000000000000f, R10=0x00000000d6b4a5e0, R11=0x00007fbfbcadd770
R12=0x00000000182dc8c6, R13=0x000000004d419e46, R14=0x000000007b3f8b45, R15=0x000000000000a7d3
RIP=0x00007fff90530f49, EFLAGS=0x0000000000010206, ERR=0x0000000000000004
  TRAPNO=0x000000000000000e

Top of Stack: (sp=0x00007000002180a0)
0x00007000002180a0:   0000700000218110 00000001032ff006
0x00007000002180b0:   000000d303c07a90 00000001000000a7
0x00007000002180c0:   0000000000000e6c 00007fc0d7ba4a00
0x00007000002180d0:   0000000000009941 00007fc0d36f80d0
0x00007000002180e0:   00007fc0d580a230 0000000000000000
0x00007000002180f0:   0000000000000000 0000700000218370
0x0000700000218100:   00007fc0d36f80d0 00007fc0d4009000
0x0000700000218110:   0000700000218130 00000001032ff441
0x0000700000218120:   00007fc0d36f80d0 0000700000218180
0x0000700000218130:   0000700000218140 00000001032fe157
0x0000700000218140:   0000700000218190 0000000104f544b6
0x0000700000218150:   0000700000218198 000000011d645398
0x0000700000218160:   0000000000000000 000000011d644e58
0x0000700000218170:   0000000000000000 0000700000218190
0x0000700000218180:   0000000740000e30 0000000103c082bd
0x0000700000218190:   00007000002183c8 0000000104f513fc
0x00007000002181a0:   00000007a5da52d8 00007000002181a8
0x00007000002181b0:   0000000117c66ddd 00007000002181f8
0x00007000002181c0:   0000000117c68938 0000000000000000
0x00007000002181d0:   0000000117c66de8 0000000000000000
0x00007000002181e0:   00007000002181f8 0000700000218240
0x00007000002181f0:   0000000103c08040 00000007a46c6490
0x0000700000218200:   0000700000218200 0000000117c6f0b1
0x0000700000218210:   00000007a5da52d8 00000007a46c6490
0x0000700000218220:   0000000000000000 0000000117c6f0c0
0x0000700000218230:   0000000000000000 0000700000218250
0x0000700000218240:   00007000002182a0 0000000103c08040
0x0000700000218250:   00000007a46c6490 00000007a5da52c0
0x0000700000218260:   00000007a46c6490 000000011d6441ee
0x0000700000218270:   00007000002183c8 0000000104f35c44
0x0000700000218280:   00007000002183c8 0000000104be87c4
0x0000700000218290:   0000000000000000 00007000002182b0 

Instructions: (pc=0x00007fff90530f49)
0x00007fff90530f29:   f3 48 89 f8 49 39 d3 72 1b 48 83 fa 60 76 2f 48
0x00007fff90530f39:   81 fa 00 40 00 00 0f 82 bb 00 00 00 48 89 d1 fc
0x00007fff90530f49:   f3 a4 5d c3 48 39 fe 74 f9 48 01 d6 48 01 d7 48
0x00007fff90530f59:   83 fa 60 0f 82 5c 01 00 00 e9 79 01 00 00 48 83 

Register to memory mapping:

RAX=0x00007fc0d7ba4a00 is an unknown value
RBX=0x000000011b0c7262 is an unknown value
RCX=0x0000000000008bd1 is an unknown value
RDX=0x0000000000009941 is an unknown value
RSP=0x00007000002180a0 is pointing into the stack for thread: 0x00007fc0d4009000
RBP=0x00007000002180a0 is pointing into the stack for thread: 0x00007fc0d4009000
RSI=0x000000011b0c8000 is an unknown value
RDI=0x00007fc0d7ba5770 is an unknown value
R8 =0x0000000000000000 is an unknown value
R9 =0x000000000000000f is an unknown value
R10=0x00000000d6b4a5e0 is an unknown value
R11=0x00007fbfbcadd770 is an unknown value
R12=0x00000000182dc8c6 is an unknown value
R13=0x000000004d419e46 is an unknown value
R14=0x000000007b3f8b45 is an unknown value
R15=0x000000000000a7d3 is an unknown value


Stack: [0x000070000011a000,0x000070000021a000],  sp=0x00007000002180a0,  free space=1016k
Native frames: (J=compiled Java code, j=interpreted, Vv=VM code, C=native code)
C  [libsystem_platform.dylib+0x4f49]  _platform_memmove$VARIANT$Haswell+0x29
C  [libzip.dylib+0x3006]  newEntry+0x2c8
C  [libzip.dylib+0x3441]  ZIP_GetNextEntry+0x37
C  [libzip.dylib+0x2157]  Java_java_util_zip_ZipFile_getNextEntry+0xe
J 6820  java.util.zip.ZipFile.getNextEntry(JI)J (0 bytes) @ 0x0000000104f544b6 [0x0000000104f54400+0xb6]
J 6818 C1 java.util.zip.ZipFile$ZipEntryIterator.next()Ljava/util/zip/ZipEntry; (212 bytes) @ 0x0000000104f513fc [0x0000000104f51140+0x2bc]
J 6782 C1 java.util.zip.ZipFile$ZipEntryIterator.nextElement()Ljava/lang/Object; (5 bytes) @ 0x0000000104f35c44 [0x0000000104f35b80+0xc4]
J 6779 C1 java.util.jar.JarFile$JarEntryIterator.nextElement()Ljava/lang/Object; (5 bytes) @ 0x0000000104f34324 [0x0000000104f34180+0x1a4]
j  org.springframework.boot.loader.tools.JarWriter.writeEntries(Ljava/util/jar/JarFile;Lorg/springframework/boot/loader/tools/JarWriter$EntryTransformer;Lorg/springframework/boot/loader/tools/JarWriter$UnpackHandler;)V+22
j  org.springframework.boot.loader.tools.Repackager.repackage(Ljava/util/jar/JarFile;Ljava/io/File;Lorg/springframework/boot/loader/tools/Libraries;Lorg/springframework/boot/loader/tools/LaunchScript;)V+78
j  org.springframework.boot.loader.tools.Repackager.repackage(Ljava/io/File;Lorg/springframework/boot/loader/tools/Libraries;Lorg/springframework/boot/loader/tools/LaunchScript;)V+147
j  org.springframework.boot.maven.RepackageMojo.repackage()V+73
j  org.springframework.boot.maven.RepackageMojo.execute()V+47
j  org.apache.maven.plugin.DefaultBuildPluginManager.executeMojo(Lorg/apache/maven/execution/MavenSession;Lorg/apache/maven/plugin/MojoExecution;)V+155
j  org.apache.maven.lifecycle.internal.MojoExecutor.execute(Lorg/apache/maven/execution/MavenSession;Lorg/apache/maven/plugin/MojoExecution;Lorg/apache/maven/lifecycle/internal/ProjectIndex;Lorg/apache/maven/lifecycle/internal/DependencyContext;)V+220
j  org.apache.maven.lifecycle.internal.MojoExecutor.execute(Lorg/apache/maven/execution/MavenSession;Lorg/apache/maven/plugin/MojoExecution;Lorg/apache/maven/lifecycle/internal/ProjectIndex;Lorg/apache/maven/lifecycle/internal/DependencyContext;Lorg/apache/maven/lifecycle/internal/PhaseRecorder;)V+6
j  org.apache.maven.lifecycle.internal.MojoExecutor.execute(Lorg/apache/maven/execution/MavenSession;Ljava/util/List;Lorg/apache/maven/lifecycle/internal/ProjectIndex;)V+60
j  org.apache.maven.lifecycle.internal.LifecycleModuleBuilder.buildProject(Lorg/apache/maven/execution/MavenSession;Lorg/apache/maven/execution/MavenSession;Lorg/apache/maven/lifecycle/internal/ReactorContext;Lorg/apache/maven/project/MavenProject;Lorg/apache/maven/lifecycle/internal/TaskSegment;)V+180
j  org.apache.maven.lifecycle.internal.LifecycleModuleBuilder.buildProject(Lorg/apache/maven/execution/MavenSession;Lorg/apache/maven/lifecycle/internal/ReactorContext;Lorg/apache/maven/project/MavenProject;Lorg/apache/maven/lifecycle/internal/TaskSegment;)V+7
j  org.apache.maven.lifecycle.internal.builder.singlethreaded.SingleThreadedBuilder.build(Lorg/apache/maven/execution/MavenSession;Lorg/apache/maven/lifecycle/internal/ReactorContext;Lorg/apache/maven/lifecycle/internal/ProjectBuildList;Ljava/util/List;Lorg/apache/maven/lifecycle/internal/ReactorBuildStatus;)V+77
j  org.apache.maven.lifecycle.internal.LifecycleStarter.execute(Lorg/apache/maven/execution/MavenSession;)V+353
j  org.apache.maven.DefaultMaven.doExecute(Lorg/apache/maven/execution/MavenExecutionRequest;Lorg/apache/maven/execution/MavenSession;Lorg/apache/maven/execution/MavenExecutionResult;Lorg/eclipse/aether/DefaultRepositorySystemSession;)Lorg/apache/maven/execution/MavenExecutionResult;+426
j  org.apache.maven.DefaultMaven.doExecute(Lorg/apache/maven/execution/MavenExecutionRequest;)Lorg/apache/maven/execution/MavenExecutionResult;+99
j  org.apache.maven.DefaultMaven.execute(Lorg/apache/maven/execution/MavenExecutionRequest;)Lorg/apache/maven/execution/MavenExecutionResult;+2
j  org.apache.maven.cli.MavenCli.execute(Lorg/apache/maven/cli/CliRequest;)I+27
j  org.apache.maven.cli.MavenCli.doMain(Lorg/apache/maven/cli/CliRequest;)I+66
j  org.apache.maven.cli.MavenCli.main([Ljava/lang/String;Lorg/codehaus/plexus/classworlds/ClassWorld;)I+24
v  ~StubRoutines::call_stub
V  [libjvm.dylib+0x2ed9d6]
V  [libjvm.dylib+0x4d26c4]
V  [libjvm.dylib+0x4d2bf8]
V  [libjvm.dylib+0x345db8]
j  sun.reflect.NativeMethodAccessorImpl.invoke0(Ljava/lang/reflect/Method;Ljava/lang/Object;[Ljava/lang/Object;)Ljava/lang/Object;+0
j  sun.reflect.NativeMethodAccessorImpl.invoke(Ljava/lang/Object;[Ljava/lang/Object;)Ljava/lang/Object;+100
j  sun.reflect.DelegatingMethodAccessorImpl.invoke(Ljava/lang/Object;[Ljava/lang/Object;)Ljava/lang/Object;+6
j  java.lang.reflect.Method.invoke(Ljava/lang/Object;[Ljava/lang/Object;)Ljava/lang/Object;+56
j  org.codehaus.plexus.classworlds.launcher.Launcher.launchEnhanced([Ljava/lang/String;)V+45
j  org.codehaus.plexus.classworlds.launcher.Launcher.launch([Ljava/lang/String;)V+2
j  org.codehaus.plexus.classworlds.launcher.Launcher.mainWithExitCode([Ljava/lang/String;)I+101
j  org.codehaus.plexus.classworlds.launcher.Launcher.main([Ljava/lang/String;)V+1
v  ~StubRoutines::call_stub
V  [libjvm.dylib+0x2ed9d6]
V  [libjvm.dylib+0x3247ce]
V  [libjvm.dylib+0x31d545]
C  [java+0x3931]  JavaMain+0x9c4
C  [libsystem_pthread.dylib+0x399d]  _pthread_body+0x83
C  [libsystem_pthread.dylib+0x391a]  _pthread_body+0x0
C  [libsystem_pthread.dylib+0x1351]  thread_start+0xd
C  0x0000000000000000

Java frames: (J=compiled Java code, j=interpreted, Vv=VM code)
J 6820  java.util.zip.ZipFile.getNextEntry(JI)J (0 bytes) @ 0x0000000104f54444 [0x0000000104f54400+0x44]
J 6818 C1 java.util.zip.ZipFile$ZipEntryIterator.next()Ljava/util/zip/ZipEntry; (212 bytes) @ 0x0000000104f513fc [0x0000000104f51140+0x2bc]
J 6782 C1 java.util.zip.ZipFile$ZipEntryIterator.nextElement()Ljava/lang/Object; (5 bytes) @ 0x0000000104f35c44 [0x0000000104f35b80+0xc4]
J 6779 C1 java.util.jar.JarFile$JarEntryIterator.nextElement()Ljava/lang/Object; (5 bytes) @ 0x0000000104f34324 [0x0000000104f34180+0x1a4]
j  org.springframework.boot.loader.tools.JarWriter.writeEntries(Ljava/util/jar/JarFile;Lorg/springframework/boot/loader/tools/JarWriter$EntryTransformer;Lorg/springframework/boot/loader/tools/JarWriter$UnpackHandler;)V+22
j  org.springframework.boot.loader.tools.Repackager.repackage(Ljava/util/jar/JarFile;Ljava/io/File;Lorg/springframework/boot/loader/tools/Libraries;Lorg/springframework/boot/loader/tools/LaunchScript;)V+78
j  org.springframework.boot.loader.tools.Repackager.repackage(Ljava/io/File;Lorg/springframework/boot/loader/tools/Libraries;Lorg/springframework/boot/loader/tools/LaunchScript;)V+147
j  org.springframework.boot.maven.RepackageMojo.repackage()V+73
j  org.springframework.boot.maven.RepackageMojo.execute()V+47
j  org.apache.maven.plugin.DefaultBuildPluginManager.executeMojo(Lorg/apache/maven/execution/MavenSession;Lorg/apache/maven/plugin/MojoExecution;)V+155
j  org.apache.maven.lifecycle.internal.MojoExecutor.execute(Lorg/apache/maven/execution/MavenSession;Lorg/apache/maven/plugin/MojoExecution;Lorg/apache/maven/lifecycle/internal/ProjectIndex;Lorg/apache/maven/lifecycle/internal/DependencyContext;)V+220
j  org.apache.maven.lifecycle.internal.MojoExecutor.execute(Lorg/apache/maven/execution/MavenSession;Lorg/apache/maven/plugin/MojoExecution;Lorg/apache/maven/lifecycle/internal/ProjectIndex;Lorg/apache/maven/lifecycle/internal/DependencyContext;Lorg/apache/maven/lifecycle/internal/PhaseRecorder;)V+6
j  org.apache.maven.lifecycle.internal.MojoExecutor.execute(Lorg/apache/maven/execution/MavenSession;Ljava/util/List;Lorg/apache/maven/lifecycle/internal/ProjectIndex;)V+60
j  org.apache.maven.lifecycle.internal.LifecycleModuleBuilder.buildProject(Lorg/apache/maven/execution/MavenSession;Lorg/apache/maven/execution/MavenSession;Lorg/apache/maven/lifecycle/internal/ReactorContext;Lorg/apache/maven/project/MavenProject;Lorg/apache/maven/lifecycle/internal/TaskSegment;)V+180
j  org.apache.maven.lifecycle.internal.LifecycleModuleBuilder.buildProject(Lorg/apache/maven/execution/MavenSession;Lorg/apache/maven/lifecycle/internal/ReactorContext;Lorg/apache/maven/project/MavenProject;Lorg/apache/maven/lifecycle/internal/TaskSegment;)V+7
j  org.apache.maven.lifecycle.internal.builder.singlethreaded.SingleThreadedBuilder.build(Lorg/apache/maven/execution/MavenSession;Lorg/apache/maven/lifecycle/internal/ReactorContext;Lorg/apache/maven/lifecycle/internal/ProjectBuildList;Ljava/util/List;Lorg/apache/maven/lifecycle/internal/ReactorBuildStatus;)V+77
j  org.apache.maven.lifecycle.internal.LifecycleStarter.execute(Lorg/apache/maven/execution/MavenSession;)V+353
j  org.apache.maven.DefaultMaven.doExecute(Lorg/apache/maven/execution/MavenExecutionRequest;Lorg/apache/maven/execution/MavenSession;Lorg/apache/maven/execution/MavenExecutionResult;Lorg/eclipse/aether/DefaultRepositorySystemSession;)Lorg/apache/maven/execution/MavenExecutionResult;+426
j  org.apache.maven.DefaultMaven.doExecute(Lorg/apache/maven/execution/MavenExecutionRequest;)Lorg/apache/maven/execution/MavenExecutionResult;+99
j  org.apache.maven.DefaultMaven.execute(Lorg/apache/maven/execution/MavenExecutionRequest;)Lorg/apache/maven/execution/MavenExecutionResult;+2
j  org.apache.maven.cli.MavenCli.execute(Lorg/apache/maven/cli/CliRequest;)I+27
j  org.apache.maven.cli.MavenCli.doMain(Lorg/apache/maven/cli/CliRequest;)I+66
j  org.apache.maven.cli.MavenCli.main([Ljava/lang/String;Lorg/codehaus/plexus/classworlds/ClassWorld;)I+24
v  ~StubRoutines::call_stub
j  sun.reflect.NativeMethodAccessorImpl.invoke0(Ljava/lang/reflect/Method;Ljava/lang/Object;[Ljava/lang/Object;)Ljava/lang/Object;+0
j  sun.reflect.NativeMethodAccessorImpl.invoke(Ljava/lang/Object;[Ljava/lang/Object;)Ljava/lang/Object;+100
j  sun.reflect.DelegatingMethodAccessorImpl.invoke(Ljava/lang/Object;[Ljava/lang/Object;)Ljava/lang/Object;+6
j  java.lang.reflect.Method.invoke(Ljava/lang/Object;[Ljava/lang/Object;)Ljava/lang/Object;+56
j  org.codehaus.plexus.classworlds.launcher.Launcher.launchEnhanced([Ljava/lang/String;)V+45
j  org.codehaus.plexus.classworlds.launcher.Launcher.launch([Ljava/lang/String;)V+2
j  org.codehaus.plexus.classworlds.launcher.Launcher.mainWithExitCode([Ljava/lang/String;)I+101
j  org.codehaus.plexus.classworlds.launcher.Launcher.main([Ljava/lang/String;)V+1
v  ~StubRoutines::call_stub

---------------  P R O C E S S  ---------------

Java Threads: ( => current thread )
  0x00007fc0d88ed800 JavaThread "Okio Watchdog" daemon [_thread_blocked, id=12811, stack(0x0000700001559000,0x0000700001659000)]
  0x00007fc0d8465800 JavaThread "OkHttp ConnectionPool" daemon [_thread_blocked, id=13575, stack(0x0000700000932000,0x0000700000a32000)]
  0x00007fc0d5194800 JavaThread "JMX server connection timeout 15" daemon [_thread_blocked, id=23043, stack(0x0000700001456000,0x0000700001556000)]
  0x00007fc0d4282800 JavaThread "RMI Scheduler(0)" daemon [_thread_blocked, id=22531, stack(0x0000700001353000,0x0000700001453000)]
  0x00007fc0d4229000 JavaThread "RMI TCP Connection(idle)" daemon [_thread_blocked, id=22019, stack(0x0000700001250000,0x0000700001350000)]
  0x00007fc0d4a0d800 JavaThread "RMI TCP Accept-0" daemon [_thread_in_native, id=21519, stack(0x000070000114d000,0x000070000124d000)]
  0x00007fc0d4173000 JavaThread "Attach Listener" daemon [_thread_blocked, id=19715, stack(0x000070000104a000,0x000070000114a000)]
  0x00007fc0d4015000 JavaThread "Service Thread" daemon [_thread_blocked, id=18691, stack(0x0000700000e44000,0x0000700000f44000)]
  0x00007fc0d4854800 JavaThread "C1 CompilerThread2" daemon [_thread_blocked, id=18179, stack(0x0000700000d41000,0x0000700000e41000)]
  0x00007fc0d4853800 JavaThread "C2 CompilerThread1" daemon [_thread_in_native, id=17667, stack(0x0000700000c3e000,0x0000700000d3e000)]
  0x00007fc0d5008000 JavaThread "C2 CompilerThread0" daemon [_thread_in_native, id=17155, stack(0x0000700000b3b000,0x0000700000c3b000)]
  0x00007fc0d5024800 JavaThread "Signal Dispatcher" daemon [_thread_blocked, id=13839, stack(0x0000700000a38000,0x0000700000b38000)]
  0x00007fc0d5001000 JavaThread "Finalizer" daemon [_thread_blocked, id=12291, stack(0x000070000082f000,0x000070000092f000)]
  0x00007fc0d5003000 JavaThread "Reference Handler" daemon [_thread_blocked, id=11779, stack(0x000070000072c000,0x000070000082c000)]
=>0x00007fc0d4009000 JavaThread "main" [_thread_in_native, id=5891, stack(0x000070000011a000,0x000070000021a000)]

Other Threads:
  0x00007fc0d4836000 VMThread [stack: 0x0000700000629000,0x0000700000729000] [id=11267]
  0x00007fc0d380d000 WatcherThread [stack: 0x0000700000f47000,0x0000700001047000] [id=19203]

VM state:not at safepoint (normal execution)

VM Mutex/Monitor currently owned by a thread: None

Heap:
 PSYoungGen      total 301568K, used 273902K [0x0000000795580000, 0x00000007b7000000, 0x00000007c0000000)
  eden space 274432K, 99% used [0x0000000795580000,0x00000007a60fbb80,0x00000007a6180000)
  from space 27136K, 0% used [0x00000007a8500000,0x00000007a8500000,0x00000007a9f80000)
  to   space 36352K, 0% used [0x00000007a6180000,0x00000007a6180000,0x00000007a8500000)
 ParOldGen       total 131584K, used 60319K [0x0000000740000000, 0x0000000748080000, 0x0000000795580000)
  object space 131584K, 45% used [0x0000000740000000,0x0000000743ae7c80,0x0000000748080000)
 Metaspace       used 36306K, capacity 37448K, committed 37760K, reserved 1083392K
  class space    used 4239K, capacity 4625K, committed 4736K, reserved 1048576K

Card table byte_map: [0x0000000112fc0000,0x00000001133c1000] byte_map_base: 0x000000010f5c0000

Marking Bits: (ParMarkBitMap*) 0x0000000102bf9d30
 Begin Bits: [0x000000011366c000, 0x000000011566c000)
 End Bits:   [0x000000011566c000, 0x000000011766c000)

Polling page: 0x00000001032f2000

CodeCache: size=245760Kb used=19844Kb max_used=19844Kb free=225915Kb
 bounds [0x0000000103c00000, 0x0000000104f90000, 0x0000000112c00000]
 total_blobs=6612 nmethods=6120 adapters=404
 compilation: enabled

Compilation events (10 events):
Event: 48.596 Thread 0x00007fc0d4854800 7243       2       java.util.jar.JarInputStream::read (48 bytes)
Event: 48.597 Thread 0x00007fc0d4854800 nmethod 7243 0x0000000104765010 code [0x0000000104765180, 0x0000000104765398]
Event: 48.597 Thread 0x00007fc0d4854800 7244       2       java.util.zip.ZipInputStream::read (304 bytes)
Event: 48.598 Thread 0x00007fc0d4854800 nmethod 7244 0x0000000104763bd0 code [0x0000000104763e60, 0x00000001047648b8]
Event: 48.603 Thread 0x00007fc0d4854800 7245       2       org.apache.commons.compress.archivers.zip.ZipLong::getBytes (12 bytes)
Event: 48.604 Thread 0x00007fc0d4854800 nmethod 7245 0x0000000104763790 code [0x0000000104763900, 0x0000000104763ae8]
Event: 48.604 Thread 0x00007fc0d4854800 7247       2       org.apache.commons.compress.archivers.zip.ZipArchiveEntry::setMethod (37 bytes)
Event: 48.604 Thread 0x00007fc0d4854800 nmethod 7247 0x00000001047630d0 code [0x0000000104763280, 0x00000001047635a8]
Event: 48.604 Thread 0x00007fc0d4854800 7248       1       java.util.zip.ZipEntry::getMethod (5 bytes)
Event: 48.604 Thread 0x00007fc0d4854800 nmethod 7248 0x00000001046fe310 code [0x00000001046fe460, 0x00000001046fe570]

GC Heap History (10 events):
Event: 10.784 GC heap before
{Heap before GC invocations=6 (full 1):
 PSYoungGen      total 138240K, used 5104K [0x0000000795580000, 0x00000007a7c80000, 0x00000007c0000000)
  eden space 133120K, 0% used [0x0000000795580000,0x0000000795580000,0x000000079d780000)
  from space 5120K, 99% used [0x000000079d780000,0x000000079dc7c010,0x000000079dc80000)
  to   space 17920K, 0% used [0x00000007a6b00000,0x00000007a6b00000,0x00000007a7c80000)
 ParOldGen       total 87552K, used 26027K [0x0000000740000000, 0x0000000745580000, 0x0000000795580000)
  object space 87552K, 29% used [0x0000000740000000,0x000000074196ae80,0x0000000745580000)
 Metaspace       used 20612K, capacity 21202K, committed 21296K, reserved 1069056K
  class space    used 2454K, capacity 2679K, committed 2688K, reserved 1048576K
Event: 11.041 GC heap after
Heap after GC invocations=6 (full 1):
 PSYoungGen      total 138240K, used 0K [0x0000000795580000, 0x00000007a7c80000, 0x00000007c0000000)
  eden space 133120K, 0% used [0x0000000795580000,0x0000000795580000,0x000000079d780000)
  from space 5120K, 0% used [0x000000079d780000,0x000000079d780000,0x000000079dc80000)
  to   space 17920K, 0% used [0x00000007a6b00000,0x00000007a6b00000,0x00000007a7c80000)
 ParOldGen       total 87040K, used 23895K [0x0000000740000000, 0x0000000745500000, 0x0000000795580000)
  object space 87040K, 27% used [0x0000000740000000,0x0000000741755f50,0x0000000745500000)
 Metaspace       used 20612K, capacity 21202K, committed 21296K, reserved 1069056K
  class space    used 2454K, capacity 2679K, committed 2688K, reserved 1048576K
}
Event: 14.606 GC heap before
{Heap before GC invocations=7 (full 1):
 PSYoungGen      total 138240K, used 133120K [0x0000000795580000, 0x00000007a7c80000, 0x00000007c0000000)
  eden space 133120K, 100% used [0x0000000795580000,0x000000079d780000,0x000000079d780000)
  from space 5120K, 0% used [0x000000079d780000,0x000000079d780000,0x000000079dc80000)
  to   space 17920K, 0% used [0x00000007a6b00000,0x00000007a6b00000,0x00000007a7c80000)
 ParOldGen       total 87040K, used 23895K [0x0000000740000000, 0x0000000745500000, 0x0000000795580000)
  object space 87040K, 27% used [0x0000000740000000,0x0000000741755f50,0x0000000745500000)
 Metaspace       used 26764K, capacity 27622K, committed 27776K, reserved 1073152K
  class space    used 3178K, capacity 3437K, committed 3456K, reserved 1048576K
Event: 14.666 GC heap after
Heap after GC invocations=7 (full 1):
 PSYoungGen      total 215552K, used 17904K [0x0000000795580000, 0x00000007a7c80000, 0x00000007c0000000)
  eden space 197632K, 0% used [0x0000000795580000,0x0000000795580000,0x00000007a1680000)
  from space 17920K, 99% used [0x00000007a6b00000,0x00000007a7c7c2d0,0x00000007a7c80000)
  to   space 22528K, 0% used [0x00000007a5080000,0x00000007a5080000,0x00000007a6680000)
 ParOldGen       total 87040K, used 26037K [0x0000000740000000, 0x0000000745500000, 0x0000000795580000)
  object space 87040K, 29% used [0x0000000740000000,0x000000074196d740,0x0000000745500000)
 Metaspace       used 26764K, capacity 27622K, committed 27776K, reserved 1073152K
  class space    used 3178K, capacity 3437K, committed 3456K, reserved 1048576K
}
Event: 26.197 GC heap before
{Heap before GC invocations=8 (full 1):
 PSYoungGen      total 215552K, used 213881K [0x0000000795580000, 0x00000007a7c80000, 0x00000007c0000000)
  eden space 197632K, 99% used [0x0000000795580000,0x00000007a14e2260,0x00000007a1680000)
  from space 17920K, 99% used [0x00000007a6b00000,0x00000007a7c7c2d0,0x00000007a7c80000)
  to   space 22528K, 0% used [0x00000007a5080000,0x00000007a5080000,0x00000007a6680000)
 ParOldGen       total 87040K, used 26037K [0x0000000740000000, 0x0000000745500000, 0x0000000795580000)
  object space 87040K, 29% used [0x0000000740000000,0x000000074196d740,0x0000000745500000)
 Metaspace       used 34008K, capacity 35114K, committed 35328K, reserved 1081344K
  class space    used 3955K, capacity 4292K, committed 4352K, reserved 1048576K
Event: 26.273 GC heap after
Heap after GC invocations=8 (full 1):
 PSYoungGen      total 279552K, used 22522K [0x0000000795580000, 0x00000007a9f80000, 0x00000007c0000000)
  eden space 257024K, 0% used [0x0000000795580000,0x0000000795580000,0x00000007a5080000)
  from space 22528K, 99% used [0x00000007a5080000,0x00000007a667e8a0,0x00000007a6680000)
  to   space 27136K, 0% used [0x00000007a8500000,0x00000007a8500000,0x00000007a9f80000)
 ParOldGen       total 87040K, used 27948K [0x0000000740000000, 0x0000000745500000, 0x0000000795580000)
  object space 87040K, 32% used [0x0000000740000000,0x0000000741b4b1b8,0x0000000745500000)
 Metaspace       used 34008K, capacity 35114K, committed 35328K, reserved 1081344K
  class space    used 3955K, capacity 4292K, committed 4352K, reserved 1048576K
}
Event: 26.372 GC heap before
{Heap before GC invocations=9 (full 1):
 PSYoungGen      total 279552K, used 51221K [0x0000000795580000, 0x00000007a9f80000, 0x00000007c0000000)
  eden space 257024K, 11% used [0x0000000795580000,0x0000000797186d88,0x00000007a5080000)
  from space 22528K, 99% used [0x00000007a5080000,0x00000007a667e8a0,0x00000007a6680000)
  to   space 27136K, 0% used [0x00000007a8500000,0x00000007a8500000,0x00000007a9f80000)
 ParOldGen       total 87040K, used 27948K [0x0000000740000000, 0x0000000745500000, 0x0000000795580000)
  object space 87040K, 32% used [0x0000000740000000,0x0000000741b4b1b8,0x0000000745500000)
 Metaspace       used 34212K, capacity 35306K, committed 35456K, reserved 1081344K
  class space    used 3982K, capacity 4356K, committed 4480K, reserved 1048576K
Event: 26.483 GC heap after
Heap after GC invocations=9 (full 1):
 PSYoungGen      total 301568K, used 27109K [0x0000000795580000, 0x00000007b7000000, 0x00000007c0000000)
  eden space 274432K, 0% used [0x0000000795580000,0x0000000795580000,0x00000007a6180000)
  from space 27136K, 99% used [0x00000007a8500000,0x00000007a9f79780,0x00000007a9f80000)
  to   space 36352K, 0% used [0x00000007a6180000,0x00000007a6180000,0x00000007a8500000)
 ParOldGen       total 87040K, used 39165K [0x0000000740000000, 0x0000000745500000, 0x0000000795580000)
  object space 87040K, 44% used [0x0000000740000000,0x000000074263f5d0,0x0000000745500000)
 Metaspace       used 34212K, capacity 35306K, committed 35456K, reserved 1081344K
  class space    used 3982K, capacity 4356K, committed 4480K, reserved 1048576K
}
Event: 26.483 GC heap before
{Heap before GC invocations=10 (full 2):
 PSYoungGen      total 301568K, used 27109K [0x0000000795580000, 0x00000007b7000000, 0x00000007c0000000)
  eden space 274432K, 0% used [0x0000000795580000,0x0000000795580000,0x00000007a6180000)
  from space 27136K, 99% used [0x00000007a8500000,0x00000007a9f79780,0x00000007a9f80000)
  to   space 36352K, 0% used [0x00000007a6180000,0x00000007a6180000,0x00000007a8500000)
 ParOldGen       total 87040K, used 39165K [0x0000000740000000, 0x0000000745500000, 0x0000000795580000)
  object space 87040K, 44% used [0x0000000740000000,0x000000074263f5d0,0x0000000745500000)
 Metaspace       used 34212K, capacity 35306K, committed 35456K, reserved 1081344K
  class space    used 3982K, capacity 4356K, committed 4480K, reserved 1048576K
Event: 26.757 GC heap after
Heap after GC invocations=10 (full 2):
 PSYoungGen      total 301568K, used 0K [0x0000000795580000, 0x00000007b7000000, 0x00000007c0000000)
  eden space 274432K, 0% used [0x0000000795580000,0x0000000795580000,0x00000007a6180000)
  from space 27136K, 0% used [0x00000007a8500000,0x00000007a8500000,0x00000007a9f80000)
  to   space 36352K, 0% used [0x00000007a6180000,0x00000007a6180000,0x00000007a8500000)
 ParOldGen       total 131584K, used 60319K [0x0000000740000000, 0x0000000748080000, 0x0000000795580000)
  object space 131584K, 45% used [0x0000000740000000,0x0000000743ae7c80,0x0000000748080000)
 Metaspace       used 33717K, capacity 34602K, committed 35456K, reserved 1081344K
  class space    used 3928K, capacity 4256K, committed 4480K, reserved 1048576K
}

Deoptimization events (10 events):
Event: 26.803 Thread 0x00007fc0d4009000 Uncommon trap: reason=unstable_if action=reinterpret pc=0x00000001043d0ac0 method=org.eclipse.sisu.plexus.RealmFilteredBeans$FilteredItr.hasNext()Z @ 57
Event: 28.463 Thread 0x00007fc0d4009000 Uncommon trap: reason=unstable_if action=reinterpret pc=0x00000001045e14ec method=org.codehaus.plexus.interpolation.StringSearchInterpolator.interpolate(Ljava/lang/String;Lorg/codehaus/plexus/interpolation/RecursionInterceptor;Ljava/util/Set;)Ljava/lang/S
Event: 45.786 Thread 0x00007fc0d4009000 Uncommon trap: reason=unstable_if action=reinterpret pc=0x0000000103d3e910 method=org.codehaus.plexus.classworlds.realm.Entry.matches(Ljava/lang/String;)Z @ 20
Event: 45.936 Thread 0x00007fc0d4009000 Uncommon trap: reason=class_check action=maybe_recompile pc=0x0000000104b9b36c method=java.util.zip.InflaterInputStream.read([BII)I @ 100
Event: 45.940 Thread 0x00007fc0d4009000 Uncommon trap: reason=class_check action=maybe_recompile pc=0x0000000104b9b36c method=java.util.zip.InflaterInputStream.read([BII)I @ 100
Event: 45.940 Thread 0x00007fc0d4009000 Uncommon trap: reason=class_check action=maybe_recompile pc=0x0000000104b9b36c method=java.util.zip.InflaterInputStream.read([BII)I @ 100
Event: 45.943 Thread 0x00007fc0d4009000 Uncommon trap: reason=class_check action=maybe_recompile pc=0x0000000104b9b36c method=java.util.zip.InflaterInputStream.read([BII)I @ 100
Event: 47.323 Thread 0x00007fc0d4009000 Uncommon trap: reason=unstable_if action=reinterpret pc=0x0000000104b6bd3c method=com.sun.tools.javac.file.JavacFileManager.listContainer(Ljava/io/File;Lcom/sun/tools/javac/file/RelativePath$RelativeDirectory;Ljava/util/Set;ZLcom/sun/tools/javac/util/List
Event: 47.323 Thread 0x00007fc0d4009000 Uncommon trap: reason=unstable_if action=reinterpret pc=0x0000000104b0e300 method=com.sun.tools.javac.file.ZipFileIndex.isUpToDate()Z @ 32
Event: 47.323 Thread 0x00007fc0d4009000 Uncommon trap: reason=unstable_if action=reinterpret pc=0x0000000104b0f5d0 method=com.sun.tools.javac.file.ZipFileIndex.isUpToDate()Z @ 32

Internal exceptions (10 events):
Event: 47.324 Thread 0x00007fc0d4009000 Exception <a 'java/io/FileNotFoundException'> (0x00000007a21cf818) thrown at [/Users/java_re/workspace/8-2-build-macosx-x86_64/jdk8u121/8372/hotspot/src/share/vm/prims/jni.cpp, line 709]
Event: 47.326 Thread 0x00007fc0d4009000 Exception <a 'java/io/FileNotFoundException'> (0x00000007a21dcdf0) thrown at [/Users/java_re/workspace/8-2-build-macosx-x86_64/jdk8u121/8372/hotspot/src/share/vm/prims/jni.cpp, line 709]
Event: 47.326 Thread 0x00007fc0d4009000 Exception <a 'java/io/FileNotFoundException'> (0x00000007a21ddd38) thrown at [/Users/java_re/workspace/8-2-build-macosx-x86_64/jdk8u121/8372/hotspot/src/share/vm/prims/jni.cpp, line 709]
Event: 47.326 Thread 0x00007fc0d4009000 Exception <a 'java/io/FileNotFoundException'> (0x00000007a21decf8) thrown at [/Users/java_re/workspace/8-2-build-macosx-x86_64/jdk8u121/8372/hotspot/src/share/vm/prims/jni.cpp, line 709]
Event: 47.326 Thread 0x00007fc0d4009000 Exception <a 'java/io/FileNotFoundException'> (0x00000007a21dfc68) thrown at [/Users/java_re/workspace/8-2-build-macosx-x86_64/jdk8u121/8372/hotspot/src/share/vm/prims/jni.cpp, line 709]
Event: 47.326 Thread 0x00007fc0d4009000 Exception <a 'java/io/FileNotFoundException'> (0x00000007a21e0bb0) thrown at [/Users/java_re/workspace/8-2-build-macosx-x86_64/jdk8u121/8372/hotspot/src/share/vm/prims/jni.cpp, line 709]
Event: 47.326 Thread 0x00007fc0d4009000 Exception <a 'java/io/FileNotFoundException'> (0x00000007a21e1bb0) thrown at [/Users/java_re/workspace/8-2-build-macosx-x86_64/jdk8u121/8372/hotspot/src/share/vm/prims/jni.cpp, line 709]
Event: 47.512 Thread 0x00007fc0d4009000 Exception <a 'java/io/FileNotFoundException'> (0x00000007a2aa0930) thrown at [/Users/java_re/workspace/8-2-build-macosx-x86_64/jdk8u121/8372/hotspot/src/share/vm/prims/jni.cpp, line 709]
Event: 47.772 Thread 0x00007fc0d4009000 Exception <a 'java/io/FileNotFoundException'> (0x00000007a339c100) thrown at [/Users/java_re/workspace/8-2-build-macosx-x86_64/jdk8u121/8372/hotspot/src/share/vm/prims/jni.cpp, line 709]
Event: 48.373 Thread 0x00007fc0d4009000 Exception <a 'java/lang/NoSuchMethodError': org.apache.maven.execution.MavenExecutionRequest.getFailureBehavior()Ljava/lang/String;> (0x00000007a42876f8) thrown at [/Users/java_re/workspace/8-2-build-macosx-x86_64/jdk8u121/8372/hotspot/src/share/vm/interp

Events (10 events):
Event: 48.515 Executing VM operation: RevokeBias
Event: 48.515 Executing VM operation: RevokeBias done
Event: 48.516 Executing VM operation: RevokeBias
Event: 48.516 Executing VM operation: RevokeBias done
Event: 48.517 Executing VM operation: RevokeBias
Event: 48.517 Executing VM operation: RevokeBias done
Event: 48.531 loading class org/springframework/util/ObjectUtils
Event: 48.531 loading class org/springframework/util/ObjectUtils done
Event: 48.531 loading class org/springframework/util/ObjectUtils
Event: 48.531 loading class org/springframework/util/ObjectUtils done


Dynamic libraries:
0x00000000000c1000 	/System/Library/Frameworks/Cocoa.framework/Versions/A/Cocoa
0x00000000000c1000 	/System/Library/Frameworks/Security.framework/Versions/A/Security
0x00000000000c1000 	/System/Library/Frameworks/ApplicationServices.framework/Versions/A/ApplicationServices
0x00000000000c1000 	/usr/lib/libz.1.dylib
0x00000000000c1000 	/usr/lib/libSystem.B.dylib
0x00000000000c1000 	/usr/lib/libobjc.A.dylib
0x00000000000c1000 	/System/Library/Frameworks/CoreFoundation.framework/Versions/A/CoreFoundation
0x00000000000c1000 	/System/Library/Frameworks/Foundation.framework/Versions/C/Foundation
0x00000000000c1000 	/System/Library/Frameworks/AppKit.framework/Versions/C/AppKit
0x00000000000c1000 	/System/Library/Frameworks/CoreData.framework/Versions/A/CoreData
0x00000000000c1000 	/System/Library/PrivateFrameworks/RemoteViewServices.framework/Versions/A/RemoteViewServices
0x00000000000c1000 	/System/Library/PrivateFrameworks/UIFoundation.framework/Versions/A/UIFoundation
0x00000000000c1000 	/usr/lib/libScreenReader.dylib
0x00000000000c1000 	/System/Library/Frameworks/Accelerate.framework/Versions/A/Accelerate
0x00000000000c1000 	/System/Library/Frameworks/IOSurface.framework/Versions/A/IOSurface
0x00000000000c1000 	/System/Library/Frameworks/AudioToolbox.framework/Versions/A/AudioToolbox
0x00000000000c1000 	/System/Library/Frameworks/AudioUnit.framework/Versions/A/AudioUnit
0x00000000000c1000 	/System/Library/PrivateFrameworks/DataDetectorsCore.framework/Versions/A/DataDetectorsCore
0x00000000000c1000 	/System/Library/PrivateFrameworks/DesktopServicesPriv.framework/Versions/A/DesktopServicesPriv
0x00000000000c1000 	/System/Library/Frameworks/Carbon.framework/Versions/A/Frameworks/HIToolbox.framework/Versions/A/HIToolbox
0x00000000000c1000 	/System/Library/Frameworks/QuartzCore.framework/Versions/A/QuartzCore
0x00000000000c1000 	/System/Library/Frameworks/Carbon.framework/Versions/A/Frameworks/SpeechRecognition.framework/Versions/A/SpeechRecognition
0x00000000000c1000 	/usr/lib/libauto.dylib
0x00000000000c1000 	/usr/lib/libicucore.A.dylib
0x00000000000c1000 	/usr/lib/libxml2.2.dylib
0x00000000000c1000 	/System/Library/PrivateFrameworks/CoreUI.framework/Versions/A/CoreUI
0x00000000000c1000 	/System/Library/Frameworks/CoreAudio.framework/Versions/A/CoreAudio
0x00000000000c1000 	/System/Library/Frameworks/DiskArbitration.framework/Versions/A/DiskArbitration
0x00000000000c1000 	/usr/lib/liblangid.dylib
0x00000000000c1000 	/System/Library/PrivateFrameworks/MultitouchSupport.framework/Versions/A/MultitouchSupport
0x00000000000c1000 	/System/Library/Frameworks/IOKit.framework/Versions/A/IOKit
0x00000000000c1000 	/usr/lib/libDiagnosticMessagesClient.dylib
0x00000000000c1000 	/System/Library/Frameworks/CoreServices.framework/Versions/A/CoreServices
0x00000000000c1000 	/System/Library/PrivateFrameworks/PerformanceAnalysis.framework/Versions/A/PerformanceAnalysis
0x00000000000c1000 	/System/Library/PrivateFrameworks/GenerationalStorage.framework/Versions/A/GenerationalStorage
0x00000000000c1000 	/System/Library/Frameworks/OpenGL.framework/Versions/A/OpenGL
0x00000000000c1000 	/System/Library/PrivateFrameworks/Sharing.framework/Versions/A/Sharing
0x00000000000c1000 	/System/Library/Frameworks/CoreGraphics.framework/Versions/A/CoreGraphics
0x00000000000c1000 	/System/Library/Frameworks/CoreImage.framework/Versions/A/CoreImage
0x00000000000c1000 	/System/Library/Frameworks/CoreText.framework/Versions/A/CoreText
0x00000000000c1000 	/System/Library/Frameworks/ImageIO.framework/Versions/A/ImageIO
0x00000000000c1000 	/System/Library/PrivateFrameworks/Backup.framework/Versions/A/Backup
0x00000000000c1000 	/usr/lib/libextension.dylib
0x00000000000c1000 	/usr/lib/libarchive.2.dylib
0x00000000000c1000 	/System/Library/Frameworks/CFNetwork.framework/Versions/A/CFNetwork
0x00000000000c1000 	/System/Library/Frameworks/SystemConfiguration.framework/Versions/A/SystemConfiguration
0x00000000000c1000 	/usr/lib/libCRFSuite.dylib
0x00000000000c1000 	/usr/lib/libc++.1.dylib
0x00000000000c1000 	/usr/lib/libc++abi.dylib
0x00000000000c1000 	/usr/lib/system/libcache.dylib
0x00000000000c1000 	/usr/lib/system/libcommonCrypto.dylib
0x00000000000c1000 	/usr/lib/system/libcompiler_rt.dylib
0x00000000000c1000 	/usr/lib/system/libcopyfile.dylib
0x00000000000c1000 	/usr/lib/system/libcorecrypto.dylib
0x00000000000c1000 	/usr/lib/system/libdispatch.dylib
0x00000000000c1000 	/usr/lib/system/libdyld.dylib
0x00000000000c1000 	/usr/lib/system/libkeymgr.dylib
0x00000000000c1000 	/usr/lib/system/liblaunch.dylib
0x00000000000c1000 	/usr/lib/system/libmacho.dylib
0x00000000000c1000 	/usr/lib/system/libquarantine.dylib
0x00000000000c1000 	/usr/lib/system/libremovefile.dylib
0x00000000000c1000 	/usr/lib/system/libsystem_asl.dylib
0x00000000000c1000 	/usr/lib/system/libsystem_blocks.dylib
0x00000000000c1000 	/usr/lib/system/libsystem_c.dylib
0x00000000000c1000 	/usr/lib/system/libsystem_configuration.dylib
0x00000000000c1000 	/usr/lib/system/libsystem_coreservices.dylib
0x00000000000c1000 	/usr/lib/system/libsystem_coretls.dylib
0x00000000000c1000 	/usr/lib/system/libsystem_dnssd.dylib
0x00000000000c1000 	/usr/lib/system/libsystem_info.dylib
0x00000000000c1000 	/usr/lib/system/libsystem_kernel.dylib
0x00000000000c1000 	/usr/lib/system/libsystem_m.dylib
0x00000000000c1000 	/usr/lib/system/libsystem_malloc.dylib
0x00000000000c1000 	/usr/lib/system/libsystem_network.dylib
0x00000000000c1000 	/usr/lib/system/libsystem_networkextension.dylib
0x00000000000c1000 	/usr/lib/system/libsystem_notify.dylib
0x00000000000c1000 	/usr/lib/system/libsystem_platform.dylib
0x00000000000c1000 	/usr/lib/system/libsystem_pthread.dylib
0x00000000000c1000 	/usr/lib/system/libsystem_sandbox.dylib
0x00000000000c1000 	/usr/lib/system/libsystem_secinit.dylib
0x00000000000c1000 	/usr/lib/system/libsystem_trace.dylib
0x00000000000c1000 	/usr/lib/system/libunc.dylib
0x00000000000c1000 	/usr/lib/system/libunwind.dylib
0x00000000000c1000 	/usr/lib/system/libxpc.dylib
0x00000000000c1000 	/usr/lib/libenergytrace.dylib
0x00000000000c1000 	/usr/lib/libbsm.0.dylib
0x00000000000c1000 	/usr/lib/system/libkxld.dylib
0x00000000000c1000 	/usr/lib/libxar.1.dylib
0x00000000000c1000 	/usr/lib/libsqlite3.dylib
0x00000000000c1000 	/usr/lib/libpam.2.dylib
0x00000000000c1000 	/usr/lib/libOpenScriptingUtil.dylib
0x00000000000c1000 	/usr/lib/libbz2.1.0.dylib
0x00000000000c1000 	/usr/lib/liblzma.5.dylib
0x00000000000c1000 	/System/Library/Frameworks/CoreServices.framework/Versions/A/Frameworks/FSEvents.framework/Versions/A/FSEvents
0x00000000000c1000 	/System/Library/Frameworks/CoreServices.framework/Versions/A/Frameworks/CarbonCore.framework/Versions/A/CarbonCore
0x00000000000c1000 	/System/Library/Frameworks/CoreServices.framework/Versions/A/Frameworks/Metadata.framework/Versions/A/Metadata
0x00000000000c1000 	/System/Library/Frameworks/CoreServices.framework/Versions/A/Frameworks/OSServices.framework/Versions/A/OSServices
0x00000000000c1000 	/System/Library/Frameworks/CoreServices.framework/Versions/A/Frameworks/SearchKit.framework/Versions/A/SearchKit
0x00000000000c1000 	/System/Library/Frameworks/CoreServices.framework/Versions/A/Frameworks/AE.framework/Versions/A/AE
0x00000000000c1000 	/System/Library/Frameworks/CoreServices.framework/Versions/A/Frameworks/LaunchServices.framework/Versions/A/LaunchServices
0x00000000000c1000 	/System/Library/Frameworks/CoreServices.framework/Versions/A/Frameworks/DictionaryServices.framework/Versions/A/DictionaryServices
0x00000000000c1000 	/System/Library/Frameworks/CoreServices.framework/Versions/A/Frameworks/SharedFileList.framework/Versions/A/SharedFileList
0x00000000000c1000 	/System/Library/Frameworks/NetFS.framework/Versions/A/NetFS
0x00000000000c1000 	/System/Library/PrivateFrameworks/NetAuth.framework/Versions/A/NetAuth
0x00000000000c1000 	/System/Library/PrivateFrameworks/login.framework/Versions/A/Frameworks/loginsupport.framework/Versions/A/loginsupport
0x00000000000c1000 	/System/Library/PrivateFrameworks/TCC.framework/Versions/A/TCC
0x00000000000c1000 	/usr/lib/libmecabra.dylib
0x00000000000c1000 	/System/Library/Frameworks/ApplicationServices.framework/Versions/A/Frameworks/ATS.framework/Versions/A/ATS
0x00000000000c1000 	/System/Library/Frameworks/ApplicationServices.framework/Versions/A/Frameworks/ColorSync.framework/Versions/A/ColorSync
0x00000000000c1000 	/System/Library/Frameworks/ApplicationServices.framework/Versions/A/Frameworks/HIServices.framework/Versions/A/HIServices
0x00000000000c1000 	/System/Library/Frameworks/ApplicationServices.framework/Versions/A/Frameworks/LangAnalysis.framework/Versions/A/LangAnalysis
0x00000000000c1000 	/System/Library/Frameworks/ApplicationServices.framework/Versions/A/Frameworks/PrintCore.framework/Versions/A/PrintCore
0x00000000000c1000 	/System/Library/Frameworks/ApplicationServices.framework/Versions/A/Frameworks/QD.framework/Versions/A/QD
0x00000000000c1000 	/System/Library/Frameworks/ApplicationServices.framework/Versions/A/Frameworks/SpeechSynthesis.framework/Versions/A/SpeechSynthesis
0x00000000000c1000 	/System/Library/Frameworks/Metal.framework/Versions/A/Metal
0x00000000000c1000 	/System/Library/Frameworks/Accelerate.framework/Versions/A/Frameworks/vImage.framework/Versions/A/vImage
0x00000000000c1000 	/System/Library/Frameworks/Accelerate.framework/Versions/A/Frameworks/vecLib.framework/Versions/A/vecLib
0x00000000000c1000 	/System/Library/Frameworks/Accelerate.framework/Versions/A/Frameworks/vecLib.framework/Versions/A/libvDSP.dylib
0x00000000000c1000 	/System/Library/Frameworks/Accelerate.framework/Versions/A/Frameworks/vecLib.framework/Versions/A/libvMisc.dylib
0x00000000000c1000 	/System/Library/Frameworks/Accelerate.framework/Versions/A/Frameworks/vecLib.framework/Versions/A/libLAPACK.dylib
0x00000000000c1000 	/System/Library/Frameworks/Accelerate.framework/Versions/A/Frameworks/vecLib.framework/Versions/A/libBLAS.dylib
0x00000000000c1000 	/System/Library/Frameworks/Accelerate.framework/Versions/A/Frameworks/vecLib.framework/Versions/A/libLinearAlgebra.dylib
0x00000000000c1000 	/System/Library/Frameworks/Accelerate.framework/Versions/A/Frameworks/vecLib.framework/Versions/A/libSparseBLAS.dylib
0x00000000000c1000 	/System/Library/PrivateFrameworks/GPUCompiler.framework/libmetal_timestamp.dylib
0x00000000000c1000 	/System/Library/Frameworks/OpenGL.framework/Versions/A/Libraries/libCoreFSCache.dylib
0x00000000000c1000 	/System/Library/PrivateFrameworks/IOAccelerator.framework/Versions/A/IOAccelerator
0x00000000000c1000 	/System/Library/Frameworks/ApplicationServices.framework/Versions/A/Frameworks/ATS.framework/Versions/A/Resources/libFontParser.dylib
0x00000000000c1000 	/System/Library/Frameworks/ApplicationServices.framework/Versions/A/Frameworks/ATS.framework/Versions/A/Resources/libFontRegistry.dylib
0x00000000000c1000 	/System/Library/PrivateFrameworks/AppleVPA.framework/Versions/A/AppleVPA
0x00000000000c1000 	/System/Library/PrivateFrameworks/AppleJPEG.framework/Versions/A/AppleJPEG
0x00000000000c1000 	/System/Library/Frameworks/ImageIO.framework/Versions/A/Resources/libJPEG.dylib
0x00000000000c1000 	/System/Library/Frameworks/ImageIO.framework/Versions/A/Resources/libTIFF.dylib
0x00000000000c1000 	/System/Library/Frameworks/ImageIO.framework/Versions/A/Resources/libPng.dylib
0x00000000000c1000 	/System/Library/Frameworks/ImageIO.framework/Versions/A/Resources/libGIF.dylib
0x00000000000c1000 	/System/Library/Frameworks/ImageIO.framework/Versions/A/Resources/libJP2.dylib
0x00000000000c1000 	/System/Library/Frameworks/ImageIO.framework/Versions/A/Resources/libRadiance.dylib
0x00000000000c1000 	/System/Library/Frameworks/CoreVideo.framework/Versions/A/CoreVideo
0x00000000000c1000 	/System/Library/Frameworks/OpenGL.framework/Versions/A/Libraries/libGLU.dylib
0x00000000000c1000 	/System/Library/Frameworks/OpenGL.framework/Versions/A/Libraries/libGFXShared.dylib
0x00000000000c1000 	/System/Library/Frameworks/OpenGL.framework/Versions/A/Libraries/libGL.dylib
0x00000000000c1000 	/System/Library/Frameworks/OpenGL.framework/Versions/A/Libraries/libGLImage.dylib
0x00000000000c1000 	/System/Library/Frameworks/OpenGL.framework/Versions/A/Libraries/libCVMSPluginSupport.dylib
0x00000000000c1000 	/System/Library/Frameworks/OpenGL.framework/Versions/A/Libraries/libCoreVMClient.dylib
0x00000000000c1000 	/usr/lib/libcompression.dylib
0x00000000000c1000 	/usr/lib/libcups.2.dylib
0x00000000000c1000 	/System/Library/Frameworks/Kerberos.framework/Versions/A/Kerberos
0x00000000000c1000 	/System/Library/Frameworks/GSS.framework/Versions/A/GSS
0x00000000000c1000 	/usr/lib/libresolv.9.dylib
0x00000000000c1000 	/usr/lib/libiconv.2.dylib
0x00000000000c1000 	/System/Library/PrivateFrameworks/Heimdal.framework/Versions/A/Heimdal
0x00000000000c1000 	/usr/lib/libheimdal-asn1.dylib
0x00000000000c1000 	/System/Library/Frameworks/OpenDirectory.framework/Versions/A/OpenDirectory
0x00000000000c1000 	/System/Library/PrivateFrameworks/CommonAuth.framework/Versions/A/CommonAuth
0x00000000000c1000 	/System/Library/Frameworks/OpenDirectory.framework/Versions/A/Frameworks/CFOpenDirectory.framework/Versions/A/CFOpenDirectory
0x00000000000c1000 	/System/Library/Frameworks/SecurityFoundation.framework/Versions/A/SecurityFoundation
0x00000000000c1000 	/System/Library/PrivateFrameworks/LanguageModeling.framework/Versions/A/LanguageModeling
0x00000000000c1000 	/usr/lib/libmarisa.dylib
0x00000000000c1000 	/usr/lib/libChineseTokenizer.dylib
0x00000000000c1000 	/usr/lib/libcmph.dylib
0x00000000000c1000 	/System/Library/Frameworks/ServiceManagement.framework/Versions/A/ServiceManagement
0x00000000000c1000 	/usr/lib/libxslt.1.dylib
0x00000000000c1000 	/System/Library/Frameworks/Carbon.framework/Versions/A/Frameworks/Ink.framework/Versions/A/Ink
0x00000000000c1000 	/usr/lib/libFosl_dynamic.dylib
0x00000000000c1000 	/System/Library/PrivateFrameworks/FaceCore.framework/Versions/A/FaceCore
0x00000000000c1000 	/System/Library/Frameworks/OpenCL.framework/Versions/A/OpenCL
0x00000000000c1000 	/System/Library/PrivateFrameworks/CrashReporterSupport.framework/Versions/A/CrashReporterSupport
0x00000000000c1000 	/System/Library/PrivateFrameworks/IconServices.framework/Versions/A/IconServices
0x00000000000c1000 	/System/Library/PrivateFrameworks/Apple80211.framework/Versions/A/Apple80211
0x00000000000c1000 	/System/Library/Frameworks/CoreWLAN.framework/Versions/A/CoreWLAN
0x00000000000c1000 	/System/Library/Frameworks/IOBluetooth.framework/Versions/A/IOBluetooth
0x00000000000c1000 	/System/Library/PrivateFrameworks/CoreWiFi.framework/Versions/A/CoreWiFi
0x00000000000c1000 	/System/Library/Frameworks/CoreBluetooth.framework/Versions/A/CoreBluetooth
0x00000000000c1000 	/System/Library/PrivateFrameworks/ChunkingLibrary.framework/Versions/A/ChunkingLibrary
0x00000000000c1000 	/System/Library/PrivateFrameworks/DebugSymbols.framework/Versions/A/DebugSymbols
0x00000000000c1000 	/System/Library/PrivateFrameworks/CoreSymbolication.framework/Versions/A/CoreSymbolication
0x00000000000c1000 	/System/Library/PrivateFrameworks/Symbolication.framework/Versions/A/Symbolication
0x00000000000c1000 	/System/Library/PrivateFrameworks/SpeechRecognitionCore.framework/Versions/A/SpeechRecognitionCore
0x00000001022c2000 	/System/Library/CoreServices/Encodings/libTraditionalChineseConverter.dylib
0x0000000102309000 	/Library/Java/JavaVirtualMachines/jdk1.8.0_121.jdk/Contents/Home/jre/lib/server/libjvm.dylib
0x00000000000c1000 	/usr/lib/libstdc++.6.dylib
0x00000001032af000 	/Library/Java/JavaVirtualMachines/jdk1.8.0_121.jdk/Contents/Home/jre/lib/libverify.dylib
0x00000001032bd000 	/Library/Java/JavaVirtualMachines/jdk1.8.0_121.jdk/Contents/Home/jre/lib/libjava.dylib
0x00000001032fc000 	/Library/Java/JavaVirtualMachines/jdk1.8.0_121.jdk/Contents/Home/jre/lib/libzip.dylib
0x0000000119478000 	/System/Library/Frameworks/JavaVM.framework/Frameworks/JavaRuntimeSupport.framework/JavaRuntimeSupport
0x0000000119493000 	/System/Library/Frameworks/JavaVM.framework/Versions/A/Frameworks/JavaNativeFoundation.framework/Versions/A/JavaNativeFoundation
0x00000001033f1000 	/System/Library/Frameworks/JavaVM.framework/Versions/A/JavaVM
0x00000000000c1000 	/System/Library/Frameworks/Carbon.framework/Versions/A/Carbon
0x00000001194a8000 	/System/Library/PrivateFrameworks/JavaLaunching.framework/Versions/A/JavaLaunching
0x00000000000c1000 	/System/Library/Frameworks/Carbon.framework/Versions/A/Frameworks/CommonPanels.framework/Versions/A/CommonPanels
0x00000000000c1000 	/System/Library/Frameworks/Carbon.framework/Versions/A/Frameworks/Help.framework/Versions/A/Help
0x00000000000c1000 	/System/Library/Frameworks/Carbon.framework/Versions/A/Frameworks/ImageCapture.framework/Versions/A/ImageCapture
0x00000000000c1000 	/System/Library/Frameworks/Carbon.framework/Versions/A/Frameworks/OpenScripting.framework/Versions/A/OpenScripting
0x00000000000c1000 	/System/Library/Frameworks/Carbon.framework/Versions/A/Frameworks/Print.framework/Versions/A/Print
0x00000000000c1000 	/System/Library/Frameworks/Carbon.framework/Versions/A/Frameworks/SecurityHI.framework/Versions/A/SecurityHI
0x000000011aebd000 	/Library/Java/JavaVirtualMachines/jdk1.8.0_121.jdk/Contents/Home/jre/lib/libnio.dylib
0x000000011aecd000 	/Library/Java/JavaVirtualMachines/jdk1.8.0_121.jdk/Contents/Home/jre/lib/./libnet.dylib
0x000000011af2c000 	/private/var/folders/x2/s5khqk6x5m7c1sr72g35cb2c0000gn/T/libjansi-1.17-3092177271449575588.jnilib
0x000000011b0c9000 	/Library/Java/JavaVirtualMachines/jdk1.8.0_121.jdk/Contents/Home/jre/lib/libmanagement.dylib
0x000000011b0d7000 	/Library/Java/JavaVirtualMachines/jdk1.8.0_121.jdk/Contents/Home/jre/lib/libsunec.dylib

VM Arguments:
jvm_args: -Dmaven.home=EMBEDDED -Dclassworlds.conf=/Users/Minjan/Desktop/Spring Boot Project/.metadata/.plugins/org.eclipse.m2e.launching/launches/m2conf8994704739599645672.tmp -Dmaven.multiModuleProjectDirectory=/Users/Minjan/Desktop/git/SPRING_BOOT_DEMO/configGUIService -Dfile.encoding=UTF-8 
java_command: org.codehaus.plexus.classworlds.launcher.Launcher -B -Dmaven.test.skip=true -DskipTests clean compile package install
java_class_path (initial): /Applications/SpringToolSuite4.app/Contents/Eclipse/plugins/org.eclipse.m2e.maven.runtime_1.11.0.20190220-2117/jars/plexus-classworlds-2.5.2.jar
Launcher Type: SUN_STANDARD

Environment Variables:
PATH=/usr/bin:/bin:/usr/sbin:/sbin
SHELL=/bin/bash

Signal Handlers:
SIGSEGV: [libjvm.dylib+0x5b1141], sa_mask[0]=11111111011111110111111111111111, sa_flags=SA_ONSTACK|SA_RESTART|SA_SIGINFO
SIGBUS: [libjvm.dylib+0x5b1141], sa_mask[0]=11111111011111110111111111111111, sa_flags=SA_RESTART|SA_SIGINFO
SIGFPE: [libjvm.dylib+0x487bc4], sa_mask[0]=11111111011111110111111111111111, sa_flags=SA_RESTART|SA_SIGINFO
SIGPIPE: [libjvm.dylib+0x487bc4], sa_mask[0]=11111111011111110111111111111111, sa_flags=SA_RESTART|SA_SIGINFO
SIGXFSZ: [libjvm.dylib+0x487bc4], sa_mask[0]=11111111011111110111111111111111, sa_flags=SA_RESTART|SA_SIGINFO
SIGILL: [libjvm.dylib+0x487bc4], sa_mask[0]=11111111011111110111111111111111, sa_flags=SA_RESTART|SA_SIGINFO
SIGUSR1: SIG_DFL, sa_mask[0]=00000000000000000000000000000000, sa_flags=none
SIGUSR2: [libjvm.dylib+0x4876e2], sa_mask[0]=00100000000000000000000000000000, sa_flags=SA_RESTART|SA_SIGINFO
SIGHUP: [libjvm.dylib+0x485cb9], sa_mask[0]=11111111011111110111111111111111, sa_flags=SA_RESTART|SA_SIGINFO
SIGINT: [libjvm.dylib+0x485cb9], sa_mask[0]=11111111011111110111111111111111, sa_flags=SA_RESTART|SA_SIGINFO
SIGTERM: [libjvm.dylib+0x485cb9], sa_mask[0]=11111111011111110111111111111111, sa_flags=SA_RESTART|SA_SIGINFO
SIGQUIT: [libjvm.dylib+0x485cb9], sa_mask[0]=11111111011111110111111111111111, sa_flags=SA_RESTART|SA_SIGINFO


---------------  S Y S T E M  ---------------

OS:Bsduname:Darwin 15.6.0 Darwin Kernel Version 15.6.0: Thu Jun 21 20:07:40 PDT 2018; root:xnu-3248.73.11~1/RELEASE_X86_64 x86_64
rlimit: STACK 8192k, CORE 0k, NPROC 709, NOFILE 10240, AS infinity
load average:4.96 3.93 3.72

CPU:total 4 (2 cores per cpu, 2 threads per core) family 6 model 61 stepping 4, cmov, cx8, fxsr, mmx, sse, sse2, sse3, ssse3, sse4.1, sse4.2, popcnt, avx, avx2, aes, clmul, erms, 3dnowpref, lzcnt, ht, tsc, tscinvbit, bmi1, bmi2, adx

Memory: 4k page, physical 8388608k(18740k free)

/proc/meminfo:


vm_info: Java HotSpot(TM) 64-Bit Server VM (25.121-b13) for bsd-amd64 JRE (1.8.0_121-b13), built on Dec 12 2016 20:39:32 by "java_re" with gcc 4.2.1 (Based on Apple Inc. build 5658) (LLVM build 2336.11.00)

time: Mon Jun  8 23:09:43 2020
elapsed time: 48 seconds (0d 0h 0m 48s)

